[dotenv@17.3.1] injecting env (3) from .env.local -- tip: 🔐 prevent committing .env to code: https://dotenvx.com/precommit
=== Parallel Deep Research Generation (concurrency: 2) ===

17 total firms, 16 already done, 1 to generate


--- Batch 1: Excellera ---

[START] Excellera Advisory Group
  [excellera] still in_progress (63s)...
  [excellera] still in_progress (125s)...
  [excellera] still in_progress (186s)...
  [excellera] still in_progress (247s)...
  [excellera] still in_progress (309s)...
  [excellera] still in_progress (370s)...
  [excellera] still in_progress (431s)...
  [excellera] still in_progress (493s)...
  [excellera] still in_progress (554s)...
  [excellera] still in_progress (616s)...
  [excellera] still in_progress (677s)...
  [excellera] still in_progress (739s)...
  [excellera] still in_progress (800s)...
  [excellera] still in_progress (861s)...
  [excellera] still in_progress (924s)...
  [excellera] still in_progress (985s)...
  [excellera] still in_progress (1047s)...
  [excellera] DONE (1080s, 141603 chars)

=== Summary ===
Success: 1 | Warnings: 0 | Errors: 0 | Skipped: 0
